This file contains any messages produced by compilers while
running configure, to aid debugging if configure makes a mistake.

It was created by writelog configure 1.0, which was
generated by GNU Autoconf 2.69.  Invocation command line was

  $ ./configure 

## --------- ##
## Platform. ##
## --------- ##

hostname = keyron
uname -m = x86_64
uname -r = 21.1.0
uname -s = Darwin
uname -v = Darwin Kernel Version 21.1.0: Wed Oct 13 17:33:23 PDT 2021; root:xnu-8019.41.5~1/RELEASE_X86_64

/usr/bin/uname -p = i386
/bin/uname -X     = unknown

/bin/arch              = unknown
/usr/bin/arch -k       = unknown
/usr/convex/getsysinfo = unknown
/usr/bin/hostinfo      = Mach kernel version:
	 Darwin Kernel Version 21.1.0: Wed Oct 13 17:33:23 PDT 2021; root:xnu-8019.41.5~1/RELEASE_X86_64
Kernel configured for up to 8 processors.
4 processors are physically available.
8 processors are logically available.
Processor type: x86_64h (Intel x86-64h Haswell)
Processors active: 0 1 2 3 4 5 6 7
Primary memory available: 8.00 gigabytes
Default processor set: 393 tasks, 2408 threads, 8 processors
Load average: 2.45, Mach factor: 5.54
/bin/machine           = unknown
/usr/bin/oslevel       = unknown
/bin/universe          = unknown

PATH: /usr/local/opt/bison/bin
PATH: /bin
PATH: /Applications/MAMP/bin/php/php7.4.21/bin/
PATH: /Library/Frameworks/Python.framework/Versions/2.7/bin
PATH: /opt/local/bin
PATH: /opt/local/sbin
PATH: /Library/Frameworks/Python.framework/Versions/3.8/bin
PATH: /usr/local/bin
PATH: /usr/bin
PATH: /bin
PATH: /usr/sbin
PATH: /sbin
PATH: /Applications/VMware Fusion.app/Contents/Public
PATH: /usr/local/go/bin
PATH: /Library/Apple/usr/bin
PATH: .
PATH: .
PATH: /Users/zhangqilong/Documents/apache-jmeter-5.4/bin
PATH: /Applications/MAMP/bin/php/php7.4.21/bin/
PATH: /Library/Frameworks/Python.framework/Versions/2.7/bin
PATH: /opt/local/bin
PATH: /opt/local/sbin
PATH: /Library/Frameworks/Python.framework/Versions/3.8/bin
PATH: /usr/local/bin
PATH: /usr/bin
PATH: /bin
PATH: /usr/sbin
PATH: /sbin
PATH: /Applications/VMware Fusion.app/Contents/Public
PATH: /usr/local/go/bin
PATH: /Library/Apple/usr/bin


## ----------- ##
## Core tests. ##
## ----------- ##

configure:2188: checking for a BSD-compatible install
configure:2256: result: /usr/local/bin/ginstall -c
configure:2267: checking whether build environment is sane
configure:2322: result: yes
configure:2473: checking for a thread-safe mkdir -p
configure:2512: result: /usr/local/bin/gmkdir -p
configure:2519: checking for gawk
configure:2549: result: no
configure:2519: checking for mawk
configure:2549: result: no
configure:2519: checking for nawk
configure:2549: result: no
configure:2519: checking for awk
configure:2535: found /usr/bin/awk
configure:2546: result: awk
configure:2557: checking whether make sets $(MAKE)
configure:2579: result: yes
configure:2608: checking whether make supports nested variables
configure:2625: result: yes
configure:2805: checking for gcc
configure:2821: found /usr/bin/gcc
configure:2832: result: gcc
configure:3061: checking for C compiler version
configure:3070: gcc --version >&5
Apple clang version 12.0.5 (clang-1205.0.22.9)
Target: x86_64-apple-darwin21.1.0
Thread model: posix
InstalledDir: /Library/Developer/CommandLineTools/usr/bin
Configured with: --prefix=/Library/Developer/CommandLineTools/usr --with-gxx-include-dir=/Library/Developer/CommandLineTools/SDKs/MacOSX.sdk/usr/include/c++/4.2.1
configure:3081: $? = 0
configure:3070: gcc -v >&5
Configured with: --prefix=/Library/Developer/CommandLineTools/usr --with-gxx-include-dir=/Library/Developer/CommandLineTools/SDKs/MacOSX.sdk/usr/include/c++/4.2.1
Apple clang version 12.0.5 (clang-1205.0.22.9)
Target: x86_64-apple-darwin21.1.0
Thread model: posix
InstalledDir: /Library/Developer/CommandLineTools/usr/bin
configure:3081: $? = 0
configure:3070: gcc -V >&5
clang: error: argument to '-V' is missing (expected 1 value)
clang: error: no input files
configure:3081: $? = 1
configure:3070: gcc -qversion >&5
clang: error: unknown argument '-qversion'; did you mean '--version'?
clang: error: no input files
configure:3081: $? = 1
configure:3101: checking whether the C compiler works
configure:3123: gcc    conftest.c  >&5
configure:3127: $? = 0
configure:3175: result: yes
configure:3178: checking for C compiler default output file name
configure:3180: result: a.out
configure:3186: checking for suffix of executables
configure:3193: gcc -o conftest    conftest.c  >&5
configure:3197: $? = 0
configure:3219: result: 
configure:3241: checking whether we are cross compiling
configure:3249: gcc -o conftest    conftest.c  >&5
configure:3253: $? = 0
configure:3260: ./conftest
configure:3264: $? = 0
configure:3279: result: no
configure:3284: checking for suffix of object files
configure:3306: gcc -c   conftest.c >&5
configure:3310: $? = 0
configure:3331: result: o
configure:3335: checking whether we are using the GNU C compiler
configure:3354: gcc -c   conftest.c >&5
configure:3354: $? = 0
configure:3363: result: yes
configure:3372: checking whether gcc accepts -g
configure:3392: gcc -c -g  conftest.c >&5
configure:3392: $? = 0
configure:3433: result: yes
configure:3450: checking for gcc option to accept ISO C89
configure:3513: gcc  -c -g -O2  conftest.c >&5
configure:3513: $? = 0
configure:3526: result: none needed
configure:3551: checking whether gcc understands -c and -o together
configure:3573: gcc -c conftest.c -o conftest2.o
configure:3576: $? = 0
configure:3573: gcc -c conftest.c -o conftest2.o
configure:3576: $? = 0
configure:3588: result: yes
configure:3608: checking whether make supports the include directive
configure:3623: make -f confmf.GNU && cat confinc.out
this is the am__doit target
configure:3626: $? = 0
configure:3645: result: yes (GNU style)
configure:3670: checking dependency style of gcc
configure:3781: result: none
configure:3806: checking how to run the C preprocessor
configure:3837: gcc -E  conftest.c
configure:3837: $? = 0
configure:3851: gcc -E  conftest.c
conftest.c:11:10: fatal error: 'ac_nonexistent.h' file not found
#include <ac_nonexistent.h>
         ^~~~~~~~~~~~~~~~~~
1 error generated.
configure:3851: $? = 1
configure: failed program was:
| /* confdefs.h */
| #define PACKAGE_NAME "writelog"
| #define PACKAGE_TARNAME "writelog"
| #define PACKAGE_VERSION "1.0"
| #define PACKAGE_STRING "writelog 1.0"
| #define PACKAGE_BUGREPORT "keyron.zhang@gmail.com"
| #define PACKAGE_URL ""
| #define PACKAGE "writelog"
| #define VERSION "1.0"
| /* end confdefs.h.  */
| #include <ac_nonexistent.h>
configure:3876: result: gcc -E
configure:3896: gcc -E  conftest.c
configure:3896: $? = 0
configure:3910: gcc -E  conftest.c
conftest.c:11:10: fatal error: 'ac_nonexistent.h' file not found
#include <ac_nonexistent.h>
         ^~~~~~~~~~~~~~~~~~
1 error generated.
configure:3910: $? = 1
configure: failed program was:
| /* confdefs.h */
| #define PACKAGE_NAME "writelog"
| #define PACKAGE_TARNAME "writelog"
| #define PACKAGE_VERSION "1.0"
| #define PACKAGE_STRING "writelog 1.0"
| #define PACKAGE_BUGREPORT "keyron.zhang@gmail.com"
| #define PACKAGE_URL ""
| #define PACKAGE "writelog"
| #define VERSION "1.0"
| /* end confdefs.h.  */
| #include <ac_nonexistent.h>
configure:3939: checking for grep that handles long lines and -e
configure:3997: result: /usr/bin/grep
configure:4002: checking for egrep
configure:4064: result: /usr/bin/grep -E
configure:4069: checking for ANSI C header files
configure:4089: gcc -c -g -O2  conftest.c >&5
configure:4089: $? = 0
configure:4162: gcc -o conftest -g -O2   conftest.c  >&5
configure:4162: $? = 0
configure:4162: ./conftest
configure:4162: $? = 0
configure:4173: result: yes
configure:4186: checking for sys/types.h
configure:4186: gcc -c -g -O2  conftest.c >&5
configure:4186: $? = 0
configure:4186: result: yes
configure:4186: checking for sys/stat.h
configure:4186: gcc -c -g -O2  conftest.c >&5
configure:4186: $? = 0
configure:4186: result: yes
configure:4186: checking for stdlib.h
configure:4186: gcc -c -g -O2  conftest.c >&5
configure:4186: $? = 0
configure:4186: result: yes
configure:4186: checking for string.h
configure:4186: gcc -c -g -O2  conftest.c >&5
configure:4186: $? = 0
configure:4186: result: yes
configure:4186: checking for memory.h
configure:4186: gcc -c -g -O2  conftest.c >&5
configure:4186: $? = 0
configure:4186: result: yes
configure:4186: checking for strings.h
configure:4186: gcc -c -g -O2  conftest.c >&5
configure:4186: $? = 0
configure:4186: result: yes
configure:4186: checking for inttypes.h
configure:4186: gcc -c -g -O2  conftest.c >&5
configure:4186: $? = 0
configure:4186: result: yes
configure:4186: checking for stdint.h
configure:4186: gcc -c -g -O2  conftest.c >&5
configure:4186: $? = 0
configure:4186: result: yes
configure:4186: checking for unistd.h
configure:4186: gcc -c -g -O2  conftest.c >&5
configure:4186: $? = 0
configure:4186: result: yes
configure:4201: checking for stdlib.h
configure:4201: result: yes
configure:4201: checking for string.h
configure:4201: result: yes
configure:4201: checking for unistd.h
configure:4201: result: yes
configure:4217: checking for memset
configure:4217: gcc -o conftest -g -O2   conftest.c  >&5
conftest.c:47:6: warning: incompatible redeclaration of library function 'memset' [-Wincompatible-library-redeclaration]
char memset ();
     ^
conftest.c:47:6: note: 'memset' is a builtin with type 'void *(void *, int, unsigned long)'
1 warning generated.
configure:4217: $? = 0
configure:4217: result: yes
configure:4338: checking that generated files are newer than configure
configure:4344: result: done
configure:4367: creating ./config.status

## ---------------------- ##
## Running config.status. ##
## ---------------------- ##

This file was extended by writelog config.status 1.0, which was
generated by GNU Autoconf 2.69.  Invocation command line was

  CONFIG_FILES    = 
  CONFIG_HEADERS  = 
  CONFIG_LINKS    = 
  CONFIG_COMMANDS = 
  $ ./config.status 

on keyron

config.status:856: creating Makefile
config.status:856: creating config.h
config.status:1037: config.h is unchanged
config.status:1085: executing depfiles commands
config.status:1162: cd .       && sed -e '/# am--include-marker/d' Makefile         | make -f - am--depfiles
make: Nothing to be done for `am--depfiles'.
config.status:1167: $? = 0

## ---------------- ##
## Cache variables. ##
## ---------------- ##

ac_cv_c_compiler_gnu=yes
ac_cv_env_CC_set=
ac_cv_env_CC_value=
ac_cv_env_CFLAGS_set=
ac_cv_env_CFLAGS_value=
ac_cv_env_CPPFLAGS_set=
ac_cv_env_CPPFLAGS_value=
ac_cv_env_CPP_set=
ac_cv_env_CPP_value=
ac_cv_env_LDFLAGS_set=
ac_cv_env_LDFLAGS_value=
ac_cv_env_LIBS_set=
ac_cv_env_LIBS_value=
ac_cv_env_build_alias_set=
ac_cv_env_build_alias_value=
ac_cv_env_host_alias_set=
ac_cv_env_host_alias_value=
ac_cv_env_target_alias_set=
ac_cv_env_target_alias_value=
ac_cv_func_memset=yes
ac_cv_header_inttypes_h=yes
ac_cv_header_memory_h=yes
ac_cv_header_stdc=yes
ac_cv_header_stdint_h=yes
ac_cv_header_stdlib_h=yes
ac_cv_header_string_h=yes
ac_cv_header_strings_h=yes
ac_cv_header_sys_stat_h=yes
ac_cv_header_sys_types_h=yes
ac_cv_header_unistd_h=yes
ac_cv_objext=o
ac_cv_path_EGREP='/usr/bin/grep -E'
ac_cv_path_GREP=/usr/bin/grep
ac_cv_path_install='/usr/local/bin/ginstall -c'
ac_cv_path_mkdir=/usr/local/bin/gmkdir
ac_cv_prog_AWK=awk
ac_cv_prog_CPP='gcc -E'
ac_cv_prog_ac_ct_CC=gcc
ac_cv_prog_cc_c89=
ac_cv_prog_cc_g=yes
ac_cv_prog_make_make_set=yes
am_cv_CC_dependencies_compiler_type=none
am_cv_make_support_nested_variables=yes
am_cv_prog_cc_c_o=yes

## ----------------- ##
## Output variables. ##
## ----------------- ##

ACLOCAL='${SHELL} /Users/zhangqilong/Desktop/git/C/frist/write_file/missing aclocal-1.16'
AMDEPBACKSLASH='\'
AMDEP_FALSE='#'
AMDEP_TRUE=''
AMTAR='$${TAR-tar}'
AM_BACKSLASH='\'
AM_DEFAULT_V='$(AM_DEFAULT_VERBOSITY)'
AM_DEFAULT_VERBOSITY='1'
AM_V='$(V)'
AUTOCONF='${SHELL} /Users/zhangqilong/Desktop/git/C/frist/write_file/missing autoconf'
AUTOHEADER='${SHELL} /Users/zhangqilong/Desktop/git/C/frist/write_file/missing autoheader'
AUTOMAKE='${SHELL} /Users/zhangqilong/Desktop/git/C/frist/write_file/missing automake-1.16'
AWK='awk'
CC='gcc'
CCDEPMODE='depmode=none'
CFLAGS='-g -O2'
CPP='gcc -E'
CPPFLAGS=''
CYGPATH_W='echo'
DEFS='-DHAVE_CONFIG_H'
DEPDIR='.deps'
ECHO_C='\c'
ECHO_N=''
ECHO_T=''
EGREP='/usr/bin/grep -E'
EXEEXT=''
GREP='/usr/bin/grep'
INSTALL_DATA='${INSTALL} -m 644'
INSTALL_PROGRAM='${INSTALL}'
INSTALL_SCRIPT='${INSTALL}'
INSTALL_STRIP_PROGRAM='$(install_sh) -c -s'
LDFLAGS=''
LIBOBJS=''
LIBS=''
LTLIBOBJS=''
MAKEINFO='${SHELL} /Users/zhangqilong/Desktop/git/C/frist/write_file/missing makeinfo'
MKDIR_P='/usr/local/bin/gmkdir -p'
OBJEXT='o'
PACKAGE='writelog'
PACKAGE_BUGREPORT='keyron.zhang@gmail.com'
PACKAGE_NAME='writelog'
PACKAGE_STRING='writelog 1.0'
PACKAGE_TARNAME='writelog'
PACKAGE_URL=''
PACKAGE_VERSION='1.0'
PATH_SEPARATOR=':'
SET_MAKE=''
SHELL='/bin/sh'
STRIP=''
VERSION='1.0'
ac_ct_CC='gcc'
am__EXEEXT_FALSE=''
am__EXEEXT_TRUE='#'
am__fastdepCC_FALSE=''
am__fastdepCC_TRUE='#'
am__include='include'
am__isrc=''
am__leading_dot='.'
am__nodep='_no'
am__quote=''
am__tar='$${TAR-tar} chof - "$$tardir"'
am__untar='$${TAR-tar} xf -'
bindir='${exec_prefix}/bin'
build_alias=''
datadir='${datarootdir}'
datarootdir='${prefix}/share'
docdir='${datarootdir}/doc/${PACKAGE_TARNAME}'
dvidir='${docdir}'
exec_prefix='${prefix}'
host_alias=''
htmldir='${docdir}'
includedir='${prefix}/include'
infodir='${datarootdir}/info'
install_sh='${SHELL} /Users/zhangqilong/Desktop/git/C/frist/write_file/install-sh'
libdir='${exec_prefix}/lib'
libexecdir='${exec_prefix}/libexec'
localedir='${datarootdir}/locale'
localstatedir='${prefix}/var'
mandir='${datarootdir}/man'
mkdir_p='$(MKDIR_P)'
oldincludedir='/usr/include'
pdfdir='${docdir}'
prefix='/usr/local'
program_transform_name='s,x,x,'
psdir='${docdir}'
sbindir='${exec_prefix}/sbin'
sharedstatedir='${prefix}/com'
sysconfdir='${prefix}/etc'
target_alias=''

## ----------- ##
## confdefs.h. ##
## ----------- ##

/* confdefs.h */
#define PACKAGE_NAME "writelog"
#define PACKAGE_TARNAME "writelog"
#define PACKAGE_VERSION "1.0"
#define PACKAGE_STRING "writelog 1.0"
#define PACKAGE_BUGREPORT "keyron.zhang@gmail.com"
#define PACKAGE_URL ""
#define PACKAGE "writelog"
#define VERSION "1.0"
#define STDC_HEADERS 1
#define HAVE_SYS_TYPES_H 1
#define HAVE_SYS_STAT_H 1
#define HAVE_STDLIB_H 1
#define HAVE_STRING_H 1
#define HAVE_MEMORY_H 1
#define HAVE_STRINGS_H 1
#define HAVE_INTTYPES_H 1
#define HAVE_STDINT_H 1
#define HAVE_UNISTD_H 1
#define HAVE_STDLIB_H 1
#define HAVE_STRING_H 1
#define HAVE_UNISTD_H 1
#define HAVE_MEMSET 1

configure: exit 0
